2017-12-27 14:22:15 INFO  CsvToExcel:39 - Creating New .Xls File From The Already Generated .Csv File
2017-12-27 14:22:19 INFO  CsvToExcel:54 - .Xls File Is Generated At The Following Location?= config/EXCEL_DATA.xlsx
2017-12-27 14:22:23 INFO  AppMain:13 - File Location Is?= config/EXCEL_DATA.xlsx
2017-12-27 14:26:43 INFO  CsvToExcel:39 - Creating New .Xls File From The Already Generated .Csv File
2017-12-27 14:27:26 INFO  CsvToExcel:54 - .Xls File Is Generated At The Following Location?= config/EXCEL_DATA.xlsx
2017-12-27 14:28:14 INFO  AppMain:13 - File Location Is?= config/EXCEL_DATA.xlsx
2017-12-27 14:37:26 INFO  CsvToExcel:38 - Creating New .Xls File From The Already Generated .Csv File
2017-12-27 14:38:12 INFO  CsvToExcel:53 - .Xls File Is Generated At The Following Location?= config/EXCEL_DATA.xlsx
2017-12-27 14:38:40 INFO  AppMain:13 - File Location Is?= config/EXCEL_DATA.xlsx
2017-12-27 15:14:07 INFO  CsvToExcel:38 - Creating New .Xls File From The Already Generated .Csv File
2017-12-27 15:14:31 INFO  CsvToExcel:53 - .Xls File Is Generated At The Following Location?= config/EXCEL_DATA.xlsx
2017-12-27 15:14:50 INFO  AppMain:13 - File Location Is?= config/EXCEL_DATA.xlsx
2017-12-27 21:49:41 INFO  CsvToExcel:38 - Creating New .Xls File From The Already Generated .Csv File
2017-12-27 21:50:17 INFO  CsvToExcel:53 - .Xls File Is Generated At The Following Location?= config/EXCEL_DATA.xlsx
2017-12-27 21:50:38 INFO  AppMain:13 - File Location Is?= config/EXCEL_DATA.xlsx
2017-12-31 11:33:41 INFO  CsvToExcel:38 - Creating New .Xls File From The Already Generated .Csv File
2017-12-31 11:33:41 INFO  CsvToExcel:53 - .Xls File Is Generated At The Following Location?= config/EXCEL_DATA.xlsx
2017-12-31 11:33:41 INFO  AppMain:13 - File Location Is?= config/EXCEL_DATA.xlsx
2017-12-31 11:40:52 INFO  CsvToExcel:41 - Creating New .Xls File From The Already Generated .Csv File
2017-12-31 11:40:52 INFO  CsvToExcel:56 - The File Is Generated At The Following Location?= config/EXCEL_DATA.xlsx
2017-12-31 11:40:53 INFO  AppMain:13 - File Location Is?= config/EXCEL_DATA.xlsx
2017-12-31 12:45:19 INFO  CsvToExcel:41 - Creating New .Xls File From The Already Generated .Csv File
2017-12-31 12:45:19 INFO  CsvToExcel:56 - The File Is Generated At The Following Location?= config/EXCEL_DATA.xlsx
2017-12-31 12:45:19 INFO  AppMain:13 - File Location Is?= config/EXCEL_DATA.xlsx
2019-03-04 22:09:57 INFO  CsvToExcel:41 - Creating New .Xls File From The Already Generated .Csv File
2019-03-04 22:09:57 INFO  CsvToExcel:56 - The File Is Generated At The Following Location?= config/EXCEL_DATA.xlsx
2019-03-04 22:09:58 INFO  AppMain:13 - File Location Is?= config/EXCEL_DATA.xlsx
2019-03-04 22:11:29 INFO  CsvToExcel:41 - Creating New .Xls File From The Already Generated .Csv File
2019-03-04 22:12:43 INFO  CsvToExcel:56 - The File Is Generated At The Following Location?= config/EXCEL_DATA.xlsx
2019-03-04 22:12:44 INFO  AppMain:13 - File Location Is?= config/EXCEL_DATA.xlsx
2019-03-04 23:08:38 INFO  CsvToExcel:41 - Creating New .Xls File From The Already Generated .Csv File
2019-03-04 23:08:38 INFO  CsvToExcel:72 - The File Is Generated At The Following Location?= config/EXCEL_DATA.xlsx
2019-03-04 23:08:38 INFO  AppMain:13 - File Location Is?= config/EXCEL_DATA.xlsx
2019-03-04 23:10:52 INFO  CsvToExcel:41 - Creating New .Xls File From The Already Generated .Csv File
2019-03-04 23:11:35 INFO  CsvToExcel:72 - The File Is Generated At The Following Location?= config/EXCEL_DATA.xlsx
2019-03-04 23:11:35 ERROR CsvToExcel:77 - Exception In convertCsvToXls() Method?=  java.io.FileNotFoundException: config\EXCEL_DATA.xlsx (The process cannot access the file because it is being used by another process)
2019-03-04 23:14:21 INFO  CsvToExcel:41 - Creating New .Xls File From The Already Generated .Csv File
2019-03-04 23:15:15 INFO  CsvToExcel:73 - The File Is Generated At The Following Location?= config/EXCEL_DATA.xlsx
2019-03-04 23:15:15 ERROR CsvToExcel:78 - Exception In convertCsvToXls() Method?=  java.io.FileNotFoundException: config\EXCEL_DATA.xlsx (The process cannot access the file because it is being used by another process)
2019-03-04 23:16:16 INFO  CsvToExcel:41 - Creating New .Xls File From The Already Generated .Csv File
2019-03-04 23:16:16 INFO  CsvToExcel:73 - The File Is Generated At The Following Location?= config/EXCEL_DATA.xlsx
2019-03-04 23:16:16 INFO  AppMain:13 - File Location Is?= config/EXCEL_DATA.xlsx
2019-03-04 23:20:49 INFO  CsvToExcel:41 - Creating New .Xls File From The Already Generated .Csv File
2019-03-04 23:23:13 INFO  CsvToExcel:73 - The File Is Generated At The Following Location?= config/EXCEL_DATA.xlsx
2019-03-04 23:23:14 INFO  AppMain:13 - File Location Is?= config/EXCEL_DATA.xlsx
2019-03-05 22:18:32 INFO  CsvToExcel:42 - Creating New .Xls File From The Already Generated .Csv File
2019-03-05 22:18:32 INFO  CsvToExcel:76 - The File Is Generated At The Following Location?= config/EXCEL_DATA.xlsx
2019-03-05 22:18:32 INFO  AppMain:13 - File Location Is?= config/EXCEL_DATA.xlsx
2019-03-05 22:51:12 INFO  CsvToExcel:44 - Creating New .Xls File From The Already Generated .Csv File
2019-03-05 22:51:12 ERROR CsvToExcel:97 - Exception In convertCsvToXls() Method?=  java.lang.NumberFormatException: For input string: "rk Product"
2019-03-05 22:54:03 INFO  CsvToExcel:44 - Creating New .Xls File From The Already Generated .Csv File
2019-03-05 22:55:19 ERROR CsvToExcel:97 - Exception In convertCsvToXls() Method?=  java.lang.NumberFormatException: For input string: "rk Product"
2019-03-05 23:01:03 INFO  CsvToExcel:44 - Creating New .Xls File From The Already Generated .Csv File
2019-03-05 23:01:03 INFO  CsvToExcel:101 - The File Is Generated At The Following Location?= config/EXCEL_DATA.xlsx
2019-03-05 23:01:03 INFO  AppMain:13 - File Location Is?= config/EXCEL_DATA.xlsx
2019-03-05 23:04:50 INFO  CsvToExcel:44 - Creating New .Xls File From The Already Generated .Csv File
2019-03-05 23:04:50 INFO  CsvToExcel:101 - The File Is Generated At The Following Location?= config/EXCEL_DATA.xlsx
2019-03-05 23:04:50 INFO  AppMain:13 - File Location Is?= config/EXCEL_DATA.xlsx
2019-03-05 23:06:31 INFO  CsvToExcel:44 - Creating New .Xls File From The Already Generated .Csv File
2019-03-05 23:06:31 INFO  CsvToExcel:101 - The File Is Generated At The Following Location?= config/EXCEL_DATA.xlsx
2019-03-05 23:06:31 ERROR CsvToExcel:106 - Exception In convertCsvToXls() Method?=  java.io.FileNotFoundException: config\EXCEL_DATA.xlsx (The process cannot access the file because it is being used by another process)
2019-03-05 23:06:49 INFO  CsvToExcel:44 - Creating New .Xls File From The Already Generated .Csv File
2019-03-05 23:06:49 INFO  CsvToExcel:101 - The File Is Generated At The Following Location?= config/EXCEL_DATA.xlsx
2019-03-05 23:06:49 ERROR CsvToExcel:106 - Exception In convertCsvToXls() Method?=  java.io.FileNotFoundException: config\EXCEL_DATA.xlsx (The process cannot access the file because it is being used by another process)
2019-03-05 23:07:18 INFO  CsvToExcel:44 - Creating New .Xls File From The Already Generated .Csv File
2019-03-05 23:07:18 INFO  CsvToExcel:101 - The File Is Generated At The Following Location?= config/EXCEL_DATA.xlsx
2019-03-05 23:07:18 INFO  AppMain:13 - File Location Is?= config/EXCEL_DATA.xlsx
2019-03-06 12:15:03 INFO  CsvToExcel:41 - Creating New .Xls File From The Already Generated .Csv File
2019-03-06 12:15:03 INFO  CsvToExcel:76 - The File Is Generated At The Following Location?= config/EXCEL_DATA.xlsx
2019-03-06 12:15:03 INFO  AppMain:13 - File Location Is?= config/EXCEL_DATA.xlsx
2019-03-06 12:52:52 INFO  CsvToExcel:43 - Creating New .Xls File From The Already Generated .Csv File
2019-03-06 12:52:52 INFO  CsvToExcel:67 - The File Is Generated At The Following Location?= config/EXCEL_DATA.xlsx
2019-03-06 12:52:52 INFO  AppMain:13 - File Location Is?= config/EXCEL_DATA.xlsx
2019-03-28 23:36:47 INFO  CsvToExcel:43 - Creating New .Xls File From The Already Generated .Csv File
2019-03-28 23:36:47 INFO  CsvToExcel:67 - The File Is Generated At The Following Location?= config/EXCEL_DATA.xlsx
2019-03-28 23:36:47 INFO  AppMain:13 - File Location Is?= config/EXCEL_DATA.xlsx
2019-03-29 00:02:25 INFO  CsvToExcel:43 - Creating New .Xls File From The Already Generated .Csv File
2019-03-29 00:02:25 INFO  CsvToExcel:67 - The File Is Generated At The Following Location?= config/EXCEL_DATA.xlsx
2019-03-29 00:02:25 INFO  AppMain:13 - File Location Is?= config/EXCEL_DATA.xlsx
2019-03-29 00:07:11 INFO  CsvToExcel:43 - Creating New .Xls File From The Already Generated .Csv File
2019-03-29 00:07:11 INFO  CsvToExcel:67 - The File Is Generated At The Following Location?= config/EXCEL_DATA.xlsx
2019-03-29 00:07:12 INFO  AppMain:13 - File Location Is?= config/EXCEL_DATA.xlsx
2019-03-29 11:35:36 INFO  CsvToExcel:43 - Creating New .Xls File From The Already Generated .Csv File
2019-03-29 11:35:36 INFO  CsvToExcel:67 - The File Is Generated At The Following Location?= config/EXCEL_DATA.xlsx
2019-03-29 11:35:36 INFO  AppMain:13 - File Location Is?= config/EXCEL_DATA.xlsx
2019-03-29 11:50:03 INFO  CsvToExcel:43 - Creating New .Xls File From The Already Generated .Csv File
2019-03-29 11:50:03 INFO  CsvToExcel:67 - The File Is Generated At The Following Location?= config/EXCEL_DATA.xlsx
2019-03-29 11:50:04 INFO  AppMain:13 - File Location Is?= config/EXCEL_DATA.xlsx
2019-03-29 11:53:12 INFO  CsvToExcel:43 - Creating New .Xls File From The Already Generated .Csv File
2019-03-29 11:53:12 INFO  CsvToExcel:67 - The File Is Generated At The Following Location?= config/EXCEL_DATA.xlsx
2019-03-29 11:53:12 INFO  AppMain:13 - File Location Is?= config/EXCEL_DATA.xlsx
2019-04-28 21:38:21 INFO  CsvToExcel:43 - Creating New .Xls File From The Already Generated .Csv File
2019-04-28 21:38:21 INFO  CsvToExcel:67 - The File Is Generated At The Following Location?= config/EXCEL_DATA.xlsx
2019-04-28 21:38:22 INFO  AppMain:13 - File Location Is?= config/EXCEL_DATA.xlsx
2019-04-28 21:42:26 INFO  CsvToExcel:43 - Creating New .Xls File From The Already Generated .Csv File
2019-04-28 21:42:26 INFO  CsvToExcel:67 - The File Is Generated At The Following Location?= config/EXCEL_DATA.xlsx
2019-04-28 21:42:26 INFO  AppMain:13 - File Location Is?= config/EXCEL_DATA.xlsx
2019-06-01 13:41:28 INFO  CsvToExcel:43 - Creating New .Xls File From The Already Generated .Csv File
2019-06-01 13:41:28 INFO  CsvToExcel:67 - The File Is Generated At The Following Location?= config/EXCEL_DATA.xlsx
2019-06-01 13:41:28 ERROR CsvToExcel:72 - Exception In convertCsvToXls() Method?=  java.io.FileNotFoundException: config\EXCEL_DATA.xlsx (The process cannot access the file because it is being used by another process)
2019-06-01 13:41:58 INFO  CsvToExcel:43 - Creating New .Xls File From The Already Generated .Csv File
2019-06-01 13:41:58 INFO  CsvToExcel:67 - The File Is Generated At The Following Location?= config/EXCEL_DATA.xlsx
2019-06-01 13:41:58 INFO  AppMain:13 - File Location Is?= config/EXCEL_DATA.xlsx
2019-06-01 13:47:42 INFO  CsvToExcel:43 - Creating New .Xls File From The Already Generated .Csv File
2019-06-01 13:47:42 INFO  CsvToExcel:67 - The File Is Generated At The Following Location?= config/EXCEL_DATA.xlsx
2019-06-01 13:47:43 INFO  AppMain:13 - File Location Is?= config/EXCEL_DATA.xlsx
2019-06-28 17:54:24 INFO  CsvToExcel:43 - Creating New .Xls File From The Already Generated .Csv File
2019-06-28 17:54:25 INFO  CsvToExcel:67 - The File Is Generated At The Following Location?= config/EXCEL_DATA.xlsx
2019-06-28 17:54:25 ERROR CsvToExcel:72 - Exception In convertCsvToXls() Method?=  java.io.FileNotFoundException: config\EXCEL_DATA.xlsx (The process cannot access the file because it is being used by another process)
2019-06-28 17:55:01 INFO  CsvToExcel:43 - Creating New .Xls File From The Already Generated .Csv File
2019-06-28 17:55:01 INFO  CsvToExcel:67 - The File Is Generated At The Following Location?= config/EXCEL_DATA.xlsx
2019-06-28 17:55:01 INFO  AppMain:13 - File Location Is?= config/EXCEL_DATA.xlsx
